<?xml version="1.0" encoding="UTF-8"?>
<testng-results ignored="0" total="11" passed="10" failed="1" skipped="0">
  <reporter-output>
  </reporter-output>
  <suite started-at="2020-09-08T10:25:57 IST" name="ReqRes" finished-at="2020-09-08T10:26:10 IST" duration-ms="13732">
    <groups>
      <group name="cucumber">
        <method signature="AbstractTestNGCucumberTests.runScenario(io.cucumber.testng.PickleWrapper, io.cucumber.testng.FeatureWrapper)[pri:0, instance:cucumberOptions.TestRunnerAll@76508ed1]" name="runScenario" class="io.cucumber.testng.AbstractTestNGCucumberTests"/>
      </group> <!-- cucumber -->
    </groups>
    <test started-at="2020-09-08T10:25:57 IST" name="All" finished-at="2020-09-08T10:26:10 IST" duration-ms="13732">
      <class name="cucumberOptions.TestRunnerAll">
        <test-method is-config="true" signature="setUpClass()[pri:0, instance:cucumberOptions.TestRunnerAll@76508ed1]" started-at="2020-09-08T10:25:57 IST" name="setUpClass" finished-at="2020-09-08T10:25:57 IST" duration-ms="481" status="PASS">
          <reporter-output>
          </reporter-output>
        </test-method> <!-- setUpClass -->
        <test-method signature="runScenario(io.cucumber.testng.PickleWrapper, io.cucumber.testng.FeatureWrapper)[pri:0, instance:cucumberOptions.TestRunnerAll@76508ed1]" started-at="2020-09-08T10:25:57 IST" name="runScenario" description="Runs Cucumber Scenarios" data-provider="scenarios" finished-at="2020-09-08T10:26:02 IST" duration-ms="4831" status="PASS">
          <params>
            <param index="0">
              <value>
                <![CDATA["Test to verify "Users" resource return success with query parameter"]]>
              </value>
            </param>
            <param index="1">
              <value>
                <![CDATA["Optional[Validating the API's in ReqRes]"]]>
              </value>
            </param>
          </params>
          <reporter-output>
          </reporter-output>
        </test-method> <!-- runScenario -->
        <test-method signature="runScenario(io.cucumber.testng.PickleWrapper, io.cucumber.testng.FeatureWrapper)[pri:0, instance:cucumberOptions.TestRunnerAll@76508ed1]" started-at="2020-09-08T10:26:02 IST" name="runScenario" description="Runs Cucumber Scenarios" data-provider="scenarios" finished-at="2020-09-08T10:26:03 IST" duration-ms="602" status="PASS">
          <params>
            <param index="0">
              <value>
                <![CDATA["Test to verify "Users" resource return success with path parameter"]]>
              </value>
            </param>
            <param index="1">
              <value>
                <![CDATA["Optional[Validating the API's in ReqRes]"]]>
              </value>
            </param>
          </params>
          <reporter-output>
          </reporter-output>
        </test-method> <!-- runScenario -->
        <test-method signature="runScenario(io.cucumber.testng.PickleWrapper, io.cucumber.testng.FeatureWrapper)[pri:0, instance:cucumberOptions.TestRunnerAll@76508ed1]" started-at="2020-09-08T10:26:03 IST" name="runScenario" description="Runs Cucumber Scenarios" data-provider="scenarios" finished-at="2020-09-08T10:26:03 IST" duration-ms="477" status="PASS">
          <params>
            <param index="0">
              <value>
                <![CDATA["Test for an error scenario"]]>
              </value>
            </param>
            <param index="1">
              <value>
                <![CDATA["Optional[Validating the API's in ReqRes]"]]>
              </value>
            </param>
          </params>
          <reporter-output>
          </reporter-output>
        </test-method> <!-- runScenario -->
        <test-method signature="runScenario(io.cucumber.testng.PickleWrapper, io.cucumber.testng.FeatureWrapper)[pri:0, instance:cucumberOptions.TestRunnerAll@76508ed1]" started-at="2020-09-08T10:26:03 IST" name="runScenario" description="Runs Cucumber Scenarios" data-provider="scenarios" finished-at="2020-09-08T10:26:04 IST" duration-ms="942" status="PASS">
          <params>
            <param index="0">
              <value>
                <![CDATA["Test to verify "Unknown" resource return success"]]>
              </value>
            </param>
            <param index="1">
              <value>
                <![CDATA["Optional[Validating the API's in ReqRes]"]]>
              </value>
            </param>
          </params>
          <reporter-output>
          </reporter-output>
        </test-method> <!-- runScenario -->
        <test-method signature="runScenario(io.cucumber.testng.PickleWrapper, io.cucumber.testng.FeatureWrapper)[pri:0, instance:cucumberOptions.TestRunnerAll@76508ed1]" started-at="2020-09-08T10:26:04 IST" name="runScenario" description="Runs Cucumber Scenarios" data-provider="scenarios" finished-at="2020-09-08T10:26:04 IST" duration-ms="297" status="FAIL">
          <params>
            <param index="0">
              <value>
                <![CDATA["Test to verify "Unknown" resource return success and is in sync with json in file"]]>
              </value>
            </param>
            <param index="1">
              <value>
                <![CDATA["Optional[Validating the API's in ReqRes]"]]>
              </value>
            </param>
          </params>
          <exception class="java.lang.AssertionError">
            <message>
              <![CDATA[expected:<404> but was:<200>]]>
            </message>
            <full-stacktrace>
              <![CDATA[java.lang.AssertionError: expected:<404> but was:<200>
at org.junit.Assert.fail(Assert.java:89)
at org.junit.Assert.failNotEquals(Assert.java:835)
at org.junit.Assert.assertEquals(Assert.java:647)
at org.junit.Assert.assertEquals(Assert.java:633)
at stepDefinition.ReqRes.response_has_status_code_as(ReqRes.java:77)
at ✽.response has status code as 404(file:///C:/Users/wi20022508/eclipse-workspace/APIFrameworkDemo/src/test/java/features/ReqRes.feature:34)
]]>
            </full-stacktrace>
          </exception> <!-- java.lang.AssertionError -->
          <reporter-output>
          </reporter-output>
        </test-method> <!-- runScenario -->
        <test-method signature="runScenario(io.cucumber.testng.PickleWrapper, io.cucumber.testng.FeatureWrapper)[pri:0, instance:cucumberOptions.TestRunnerAll@76508ed1]" started-at="2020-09-08T10:26:04 IST" name="runScenario" description="Runs Cucumber Scenarios" data-provider="scenarios" finished-at="2020-09-08T10:26:05 IST" duration-ms="814" status="PASS">
          <params>
            <param index="0">
              <value>
                <![CDATA["Test to verify "Users" resource return success when method is "Post""]]>
              </value>
            </param>
            <param index="1">
              <value>
                <![CDATA["Optional[Validating the API's in ReqRes]"]]>
              </value>
            </param>
          </params>
          <reporter-output>
          </reporter-output>
        </test-method> <!-- runScenario -->
        <test-method signature="runScenario(io.cucumber.testng.PickleWrapper, io.cucumber.testng.FeatureWrapper)[pri:0, instance:cucumberOptions.TestRunnerAll@76508ed1]" started-at="2020-09-08T10:26:05 IST" name="runScenario" description="Runs Cucumber Scenarios" data-provider="scenarios" finished-at="2020-09-08T10:26:06 IST" duration-ms="801" status="PASS">
          <params>
            <param index="0">
              <value>
                <![CDATA["Test to verify "Users" resource return success when method is "Post""]]>
              </value>
            </param>
            <param index="1">
              <value>
                <![CDATA["Optional[Validating the API's in ReqRes]"]]>
              </value>
            </param>
          </params>
          <reporter-output>
          </reporter-output>
        </test-method> <!-- runScenario -->
        <test-method signature="runScenario(io.cucumber.testng.PickleWrapper, io.cucumber.testng.FeatureWrapper)[pri:0, instance:cucumberOptions.TestRunnerAll@76508ed1]" started-at="2020-09-08T10:26:06 IST" name="runScenario" description="Runs Cucumber Scenarios" data-provider="scenarios" finished-at="2020-09-08T10:26:07 IST" duration-ms="1031" status="PASS">
          <params>
            <param index="0">
              <value>
                <![CDATA["Test to verify "Users" resource return success when method is "Post""]]>
              </value>
            </param>
            <param index="1">
              <value>
                <![CDATA["Optional[Validating the API's in ReqRes]"]]>
              </value>
            </param>
          </params>
          <reporter-output>
          </reporter-output>
        </test-method> <!-- runScenario -->
        <test-method signature="runScenario(io.cucumber.testng.PickleWrapper, io.cucumber.testng.FeatureWrapper)[pri:0, instance:cucumberOptions.TestRunnerAll@76508ed1]" started-at="2020-09-08T10:26:07 IST" name="runScenario" description="Runs Cucumber Scenarios" data-provider="scenarios" finished-at="2020-09-08T10:26:08 IST" duration-ms="1115" status="PASS">
          <params>
            <param index="0">
              <value>
                <![CDATA["Test to verify if we are able to post data to "Users" resource by fetching input from excel"]]>
              </value>
            </param>
            <param index="1">
              <value>
                <![CDATA["Optional[Validating the API's in ReqRes]"]]>
              </value>
            </param>
          </params>
          <reporter-output>
          </reporter-output>
        </test-method> <!-- runScenario -->
        <test-method signature="runScenario(io.cucumber.testng.PickleWrapper, io.cucumber.testng.FeatureWrapper)[pri:0, instance:cucumberOptions.TestRunnerAll@76508ed1]" started-at="2020-09-08T10:26:08 IST" name="runScenario" description="Runs Cucumber Scenarios" data-provider="scenarios" finished-at="2020-09-08T10:26:09 IST" duration-ms="1241" status="PASS">
          <params>
            <param index="0">
              <value>
                <![CDATA["Test to verify if we are able to post data to "Users" resource by fetching input from excel"]]>
              </value>
            </param>
            <param index="1">
              <value>
                <![CDATA["Optional[Validating the API's in ReqRes]"]]>
              </value>
            </param>
          </params>
          <reporter-output>
          </reporter-output>
        </test-method> <!-- runScenario -->
        <test-method signature="runScenario(io.cucumber.testng.PickleWrapper, io.cucumber.testng.FeatureWrapper)[pri:0, instance:cucumberOptions.TestRunnerAll@76508ed1]" started-at="2020-09-08T10:26:09 IST" name="runScenario" description="Runs Cucumber Scenarios" data-provider="scenarios" finished-at="2020-09-08T10:26:10 IST" duration-ms="502" status="PASS">
          <params>
            <param index="0">
              <value>
                <![CDATA["Test to verify if we are able to post data to "Users" resource by fetching input from excel"]]>
              </value>
            </param>
            <param index="1">
              <value>
                <![CDATA["Optional[Validating the API's in ReqRes]"]]>
              </value>
            </param>
          </params>
          <reporter-output>
          </reporter-output>
        </test-method> <!-- runScenario -->
        <test-method is-config="true" signature="tearDownClass()[pri:0, instance:cucumberOptions.TestRunnerAll@76508ed1]" started-at="2020-09-08T10:26:10 IST" name="tearDownClass" finished-at="2020-09-08T10:26:10 IST" duration-ms="535" status="PASS">
          <reporter-output>
          </reporter-output>
        </test-method> <!-- tearDownClass -->
      </class> <!-- cucumberOptions.TestRunnerAll -->
    </test> <!-- All -->
  </suite> <!-- ReqRes -->
</testng-results>
